[35m[1mScanning dependencies of target voice_node[0m
[ 25%] [32mBuilding CXX object CMakeFiles/voice_node.dir/src/demo.cpp.o[0m
[01m[K/home/llt/robot_voice_ws/src/robot_voice/src/demo.cpp:[m[K In function ‘[01m[Kint main(int, char**)[m[K’:
[01m[K/home/llt/robot_voice_ws/src/robot_voice/src/demo.cpp:287:14:[m[K [01;35m[Kwarning: [m[Kunused parameter ‘[01m[Kargc[m[K’ [[01;35m[K-Wunused-parameter[m[K]
  287 | int main([01;35m[Kint argc[m[K, char* argv[])
      |          [01;35m[K~~~~^~~~[m[K
[01m[K/home/llt/robot_voice_ws/src/robot_voice/src/demo.cpp:287:26:[m[K [01;35m[Kwarning: [m[Kunused parameter ‘[01m[Kargv[m[K’ [[01;35m[K-Wunused-parameter[m[K]
  287 | int main(int argc, [01;35m[Kchar* argv[][m[K)
      |                    [01;35m[K~~~~~~^~~~~~[m[K
[ 50%] [32m[1mLinking CXX executable voice_node[0m
[100%] Built target voice_node
-- Install configuration: ""
-- Installing: /home/llt/robot_voice_ws/install/robot_voice/lib/robot_voice/voice_node
-- Set runtime path of "/home/llt/robot_voice_ws/install/robot_voice/lib/robot_voice/voice_node" to ""
-- Up-to-date: /home/llt/robot_voice_ws/install/robot_voice/share/ament_index/resource_index/package_run_dependencies/robot_voice
-- Up-to-date: /home/llt/robot_voice_ws/install/robot_voice/share/ament_index/resource_index/parent_prefix_path/robot_voice
-- Up-to-date: /home/llt/robot_voice_ws/install/robot_voice/share/robot_voice/environment/ament_prefix_path.sh
-- Up-to-date: /home/llt/robot_voice_ws/install/robot_voice/share/robot_voice/environment/ament_prefix_path.dsv
-- Up-to-date: /home/llt/robot_voice_ws/install/robot_voice/share/robot_voice/environment/path.sh
-- Up-to-date: /home/llt/robot_voice_ws/install/robot_voice/share/robot_voice/environment/path.dsv
-- Up-to-date: /home/llt/robot_voice_ws/install/robot_voice/share/robot_voice/local_setup.bash
-- Up-to-date: /home/llt/robot_voice_ws/install/robot_voice/share/robot_voice/local_setup.sh
-- Up-to-date: /home/llt/robot_voice_ws/install/robot_voice/share/robot_voice/local_setup.zsh
-- Up-to-date: /home/llt/robot_voice_ws/install/robot_voice/share/robot_voice/local_setup.dsv
-- Installing: /home/llt/robot_voice_ws/install/robot_voice/share/robot_voice/package.dsv
-- Up-to-date: /home/llt/robot_voice_ws/install/robot_voice/share/ament_index/resource_index/packages/robot_voice
-- Up-to-date: /home/llt/robot_voice_ws/install/robot_voice/share/robot_voice/cmake/robot_voiceConfig.cmake
-- Up-to-date: /home/llt/robot_voice_ws/install/robot_voice/share/robot_voice/cmake/robot_voiceConfig-version.cmake
-- Up-to-date: /home/llt/robot_voice_ws/install/robot_voice/share/robot_voice/package.xml
