-- The C compiler identification is GNU 9.4.0
-- The CXX compiler identification is GNU 9.4.0
-- Check for working C compiler: /usr/bin/cc
-- Check for working C compiler: /usr/bin/cc -- works
-- Detecting C compiler ABI info
-- Detecting C compiler ABI info - done
-- Detecting C compile features
-- Detecting C compile features - done
-- Check for working CXX compiler: /usr/bin/c++
-- Check for working CXX compiler: /usr/bin/c++ -- works
-- Detecting CXX compiler ABI info
-- Detecting CXX compiler ABI info - done
-- Detecting CXX compile features
-- Detecting CXX compile features - done
-- Found ament_cmake: 0.9.12 (/opt/ros/foxy/share/ament_cmake/cmake)
-- Found PythonInterp: /usr/bin/python3 (found suitable version "3.8.10", minimum required is "3") 
-- Using PYTHON_EXECUTABLE: /usr/bin/python3
-- Found rclcpp: 2.4.3 (/opt/ros/foxy/share/rclcpp/cmake)
-- Using all available rosidl_typesupport_c: rosidl_typesupport_fastrtps_c;rosidl_typesupport_introspection_c
-- Found rosidl_adapter: 1.3.1 (/opt/ros/foxy/share/rosidl_adapter/cmake)
-- Found OpenSSL: /usr/lib/x86_64-linux-gnu/libcrypto.so (found version "1.1.1f")  
-- Found FastRTPS: /opt/ros/foxy/include  
-- Using all available rosidl_typesupport_cpp: rosidl_typesupport_fastrtps_cpp;rosidl_typesupport_introspection_cpp
-- Found rmw_implementation_cmake: 1.0.4 (/opt/ros/foxy/share/rmw_implementation_cmake/cmake)
-- Using RMW implementation 'rmw_fastrtps_cpp' as default
-- Looking for pthread.h
-- Looking for pthread.h - not found
-- Found Threads: TRUE  
-- Found ALSA: /usr/lib/x86_64-linux-gnu/libasound.so (found version "1.2.2") 
-- Found ament_lint_auto: 0.9.8 (/opt/ros/foxy/share/ament_lint_auto/cmake)
-- Added test 'copyright' to check source files copyright and LICENSE
-- Added test 'cppcheck' to perform static code analysis on C / C++ code
-- Configured cppcheck include dirs: /home/llt/robot_voice_ws/src/robot_voice/include
-- Configured cppcheck exclude dirs and/or files: 
-- Added test 'cpplint' to check C / C++ code against the Google style
-- Configured cpplint exclude dirs and/or files: 
-- Added test 'lint_cmake' to check CMake code style
-- Added test 'uncrustify' to check C / C++ code style
-- Configured uncrustify additional arguments: 
-- Added test 'xmllint' to check XML markup files
-- Configuring done
-- Generating done
-- Build files have been written to: /home/llt/robot_voice_ws/build/robot_voice
[35m[1mScanning dependencies of target voice_node[0m
[ 25%] [32mBuilding CXX object CMakeFiles/voice_node.dir/src/demo.cpp.o[0m
[ 50%] [32mBuilding C object CMakeFiles/voice_node.dir/src/linuxrec.c.o[0m
[ 75%] [32mBuilding C object CMakeFiles/voice_node.dir/src/speech_recognizer.c.o[0m
[01m[K/home/llt/robot_voice_ws/src/robot_voice/src/linuxrec.c:[m[K In function ‘[01m[Krecord_thread_proc[m[K’:
[01m[K/home/llt/robot_voice_ws/src/robot_voice/src/linuxrec.c:334:29:[m[K [01;35m[Kwarning: [m[Kcomparison of integer expressions of different signedness: ‘[01m[Kssize_t[m[K’ {aka ‘[01m[Klong int[m[K’} and ‘[01m[Ksize_t[m[K’ {aka ‘[01m[Klong unsigned int[m[K’} [[01;35m[K-Wsign-compare[m[K]
  334 |   if (pcm_read(rec, frames) [01;35m[K!=[m[K frames) {
      |                             [01;35m[K^~[m[K
At top level:
[01m[K/home/llt/robot_voice_ws/src/robot_voice/src/linuxrec.c:529:12:[m[K [01;35m[Kwarning: [m[K‘[01m[Klist_pcm[m[K’ defined but not used [[01;35m[K-Wunused-function[m[K]
  529 | static int [01;35m[Klist_pcm[m[K(snd_pcm_stream_t stream, char**name_out,
      |            [01;35m[K^~~~~~~~[m[K
[01m[K/home/llt/robot_voice_ws/src/robot_voice/src/demo.cpp:[m[K In function ‘[01m[Kint main(int, char**)[m[K’:
[01m[K/home/llt/robot_voice_ws/src/robot_voice/src/demo.cpp:287:14:[m[K [01;35m[Kwarning: [m[Kunused parameter ‘[01m[Kargc[m[K’ [[01;35m[K-Wunused-parameter[m[K]
  287 | int main([01;35m[Kint argc[m[K, char* argv[])
      |          [01;35m[K~~~~^~~~[m[K
[01m[K/home/llt/robot_voice_ws/src/robot_voice/src/demo.cpp:287:26:[m[K [01;35m[Kwarning: [m[Kunused parameter ‘[01m[Kargv[m[K’ [[01;35m[K-Wunused-parameter[m[K]
  287 | int main(int argc, [01;35m[Kchar* argv[][m[K)
      |                    [01;35m[K~~~~~~^~~~~~[m[K
[100%] [32m[1mLinking CXX executable voice_node[0m
[100%] Built target voice_node
-- Install configuration: ""
-- Installing: /home/llt/robot_voice_ws/install/robot_voice/lib/robot_voice/voice_node
-- Set runtime path of "/home/llt/robot_voice_ws/install/robot_voice/lib/robot_voice/voice_node" to ""
-- Installing: /home/llt/robot_voice_ws/install/robot_voice/share/ament_index/resource_index/package_run_dependencies/robot_voice
-- Installing: /home/llt/robot_voice_ws/install/robot_voice/share/ament_index/resource_index/parent_prefix_path/robot_voice
-- Installing: /home/llt/robot_voice_ws/install/robot_voice/share/robot_voice/environment/ament_prefix_path.sh
-- Installing: /home/llt/robot_voice_ws/install/robot_voice/share/robot_voice/environment/ament_prefix_path.dsv
-- Installing: /home/llt/robot_voice_ws/install/robot_voice/share/robot_voice/environment/path.sh
-- Installing: /home/llt/robot_voice_ws/install/robot_voice/share/robot_voice/environment/path.dsv
-- Installing: /home/llt/robot_voice_ws/install/robot_voice/share/robot_voice/local_setup.bash
-- Installing: /home/llt/robot_voice_ws/install/robot_voice/share/robot_voice/local_setup.sh
-- Installing: /home/llt/robot_voice_ws/install/robot_voice/share/robot_voice/local_setup.zsh
-- Installing: /home/llt/robot_voice_ws/install/robot_voice/share/robot_voice/local_setup.dsv
-- Installing: /home/llt/robot_voice_ws/install/robot_voice/share/robot_voice/package.dsv
-- Installing: /home/llt/robot_voice_ws/install/robot_voice/share/ament_index/resource_index/packages/robot_voice
-- Installing: /home/llt/robot_voice_ws/install/robot_voice/share/robot_voice/cmake/robot_voiceConfig.cmake
-- Installing: /home/llt/robot_voice_ws/install/robot_voice/share/robot_voice/cmake/robot_voiceConfig-version.cmake
-- Installing: /home/llt/robot_voice_ws/install/robot_voice/share/robot_voice/package.xml
