[0.842s] DEBUG:colcon:Command line arguments: ['/usr/bin/colcon', 'build', '--packages-select', 'robot_voice']
[0.842s] DEBUG:colcon:Parsed command line arguments: Namespace(allow_overriding=[], ament_cmake_args=None, base_paths=['.'], build_base='build', catkin_cmake_args=None, catkin_skip_building_tests=False, cmake_args=None, cmake_clean_cache=False, cmake_clean_first=False, cmake_force_configure=False, cmake_target=None, cmake_target_skip_unavailable=False, continue_on_error=False, event_handlers=None, executor='parallel', ignore_user_meta=False, install_base='install', log_base=None, log_level=None, main=<bound method BuildVerb.main of <colcon_core.verb.build.BuildVerb object at 0x7f0f1488e1c0>>, merge_install=False, metas=['./colcon.meta'], packages_above=None, packages_above_and_dependencies=None, packages_above_depth=None, packages_end=None, packages_ignore=None, packages_ignore_regex=None, packages_select=['robot_voice'], packages_select_build_failed=False, packages_select_by_dep=None, packages_select_regex=None, packages_select_test_failures=False, packages_skip=None, packages_skip_build_finished=False, packages_skip_by_dep=None, packages_skip_regex=None, packages_skip_test_passed=False, packages_skip_up_to=None, packages_start=None, packages_up_to=None, packages_up_to_regex=None, parallel_workers=16, paths=None, symlink_install=False, test_result_base=None, verb_extension=<colcon_core.verb.build.BuildVerb object at 0x7f0f1488e1c0>, verb_name='build', verb_parser=<colcon_defaults.argument_parser.defaults.DefaultArgumentsDecorator object at 0x7f0f14918190>)
[0.884s] Level 1:colcon.colcon_core.package_discovery:discover_packages(colcon_meta) check parameters
[0.884s] Level 1:colcon.colcon_core.package_discovery:discover_packages(recursive) check parameters
[0.884s] Level 1:colcon.colcon_core.package_discovery:discover_packages(ignore) check parameters
[0.884s] Level 1:colcon.colcon_core.package_discovery:discover_packages(path) check parameters
[0.884s] Level 1:colcon.colcon_core.package_discovery:discover_packages(colcon_meta) discover
[0.884s] Level 1:colcon.colcon_core.package_discovery:discover_packages(recursive) discover
[0.884s] INFO:colcon.colcon_core.package_discovery:Crawling recursively for packages in '/home/llt/robot_voice_ws'
[0.884s] Level 1:colcon.colcon_core.package_identification:_identify(.) by extensions ['ignore', 'ignore_ament_install']
[0.884s] Level 1:colcon.colcon_core.package_identification:_identify(.) by extension 'ignore'
[0.884s] Level 1:colcon.colcon_core.package_identification:_identify(.) by extension 'ignore_ament_install'
[0.884s] Level 1:colcon.colcon_core.package_identification:_identify(.) by extensions ['colcon_pkg']
[0.884s] Level 1:colcon.colcon_core.package_identification:_identify(.) by extension 'colcon_pkg'
[0.884s] Level 1:colcon.colcon_core.package_identification:_identify(.) by extensions ['colcon_meta']
[0.884s] Level 1:colcon.colcon_core.package_identification:_identify(.) by extension 'colcon_meta'
[0.884s] Level 1:colcon.colcon_core.package_identification:_identify(.) by extensions ['ros']
[0.884s] Level 1:colcon.colcon_core.package_identification:_identify(.) by extension 'ros'
[0.889s] Level 1:colcon.colcon_core.package_identification:_identify(.) by extensions ['cmake', 'python']
[0.889s] Level 1:colcon.colcon_core.package_identification:_identify(.) by extension 'cmake'
[0.889s] Level 1:colcon.colcon_core.package_identification:_identify(.) by extension 'python'
[0.889s] Level 1:colcon.colcon_core.package_identification:_identify(.) by extensions ['python_setup_py']
[0.889s] Level 1:colcon.colcon_core.package_identification:_identify(.) by extension 'python_setup_py'
[0.889s] Level 1:colcon.colcon_core.package_identification:_identify(build) by extensions ['ignore', 'ignore_ament_install']
[0.889s] Level 1:colcon.colcon_core.package_identification:_identify(build) by extension 'ignore'
[0.889s] Level 1:colcon.colcon_core.package_identification:_identify(build) ignored
[0.889s] Level 1:colcon.colcon_core.package_identification:_identify(install) by extensions ['ignore', 'ignore_ament_install']
[0.890s] Level 1:colcon.colcon_core.package_identification:_identify(install) by extension 'ignore'
[0.890s] Level 1:colcon.colcon_core.package_identification:_identify(install) ignored
[0.890s] Level 1:colcon.colcon_core.package_identification:_identify(log) by extensions ['ignore', 'ignore_ament_install']
[0.890s] Level 1:colcon.colcon_core.package_identification:_identify(log) by extension 'ignore'
[0.890s] Level 1:colcon.colcon_core.package_identification:_identify(log) ignored
[0.890s] Level 1:colcon.colcon_core.package_identification:_identify(msc) by extensions ['ignore', 'ignore_ament_install']
[0.890s] Level 1:colcon.colcon_core.package_identification:_identify(msc) by extension 'ignore'
[0.890s] Level 1:colcon.colcon_core.package_identification:_identify(msc) by extension 'ignore_ament_install'
[0.890s] Level 1:colcon.colcon_core.package_identification:_identify(msc) by extensions ['colcon_pkg']
[0.890s] Level 1:colcon.colcon_core.package_identification:_identify(msc) by extension 'colcon_pkg'
[0.890s] Level 1:colcon.colcon_core.package_identification:_identify(msc) by extensions ['colcon_meta']
[0.890s] Level 1:colcon.colcon_core.package_identification:_identify(msc) by extension 'colcon_meta'
[0.890s] Level 1:colcon.colcon_core.package_identification:_identify(msc) by extensions ['ros']
[0.890s] Level 1:colcon.colcon_core.package_identification:_identify(msc) by extension 'ros'
[0.890s] Level 1:colcon.colcon_core.package_identification:_identify(msc) by extensions ['cmake', 'python']
[0.890s] Level 1:colcon.colcon_core.package_identification:_identify(msc) by extension 'cmake'
[0.890s] Level 1:colcon.colcon_core.package_identification:_identify(msc) by extension 'python'
[0.890s] Level 1:colcon.colcon_core.package_identification:_identify(msc) by extensions ['python_setup_py']
[0.890s] Level 1:colcon.colcon_core.package_identification:_identify(msc) by extension 'python_setup_py'
[0.890s] Level 1:colcon.colcon_core.package_identification:_identify(msc/3c7b66a0cccc3f14c308417733728bdd) by extensions ['ignore', 'ignore_ament_install']
[0.890s] Level 1:colcon.colcon_core.package_identification:_identify(msc/3c7b66a0cccc3f14c308417733728bdd) by extension 'ignore'
[0.890s] Level 1:colcon.colcon_core.package_identification:_identify(msc/3c7b66a0cccc3f14c308417733728bdd) by extension 'ignore_ament_install'
[0.890s] Level 1:colcon.colcon_core.package_identification:_identify(msc/3c7b66a0cccc3f14c308417733728bdd) by extensions ['colcon_pkg']
[0.890s] Level 1:colcon.colcon_core.package_identification:_identify(msc/3c7b66a0cccc3f14c308417733728bdd) by extension 'colcon_pkg'
[0.890s] Level 1:colcon.colcon_core.package_identification:_identify(msc/3c7b66a0cccc3f14c308417733728bdd) by extensions ['colcon_meta']
[0.890s] Level 1:colcon.colcon_core.package_identification:_identify(msc/3c7b66a0cccc3f14c308417733728bdd) by extension 'colcon_meta'
[0.890s] Level 1:colcon.colcon_core.package_identification:_identify(msc/3c7b66a0cccc3f14c308417733728bdd) by extensions ['ros']
[0.890s] Level 1:colcon.colcon_core.package_identification:_identify(msc/3c7b66a0cccc3f14c308417733728bdd) by extension 'ros'
[0.890s] Level 1:colcon.colcon_core.package_identification:_identify(msc/3c7b66a0cccc3f14c308417733728bdd) by extensions ['cmake', 'python']
[0.890s] Level 1:colcon.colcon_core.package_identification:_identify(msc/3c7b66a0cccc3f14c308417733728bdd) by extension 'cmake'
[0.890s] Level 1:colcon.colcon_core.package_identification:_identify(msc/3c7b66a0cccc3f14c308417733728bdd) by extension 'python'
[0.890s] Level 1:colcon.colcon_core.package_identification:_identify(msc/3c7b66a0cccc3f14c308417733728bdd) by extensions ['python_setup_py']
[0.890s] Level 1:colcon.colcon_core.package_identification:_identify(msc/3c7b66a0cccc3f14c308417733728bdd) by extension 'python_setup_py'
[0.890s] Level 1:colcon.colcon_core.package_identification:_identify(src) by extensions ['ignore', 'ignore_ament_install']
[0.890s] Level 1:colcon.colcon_core.package_identification:_identify(src) by extension 'ignore'
[0.890s] Level 1:colcon.colcon_core.package_identification:_identify(src) by extension 'ignore_ament_install'
[0.890s] Level 1:colcon.colcon_core.package_identification:_identify(src) by extensions ['colcon_pkg']
[0.890s] Level 1:colcon.colcon_core.package_identification:_identify(src) by extension 'colcon_pkg'
[0.890s] Level 1:colcon.colcon_core.package_identification:_identify(src) by extensions ['colcon_meta']
[0.890s] Level 1:colcon.colcon_core.package_identification:_identify(src) by extension 'colcon_meta'
[0.890s] Level 1:colcon.colcon_core.package_identification:_identify(src) by extensions ['ros']
[0.890s] Level 1:colcon.colcon_core.package_identification:_identify(src) by extension 'ros'
[0.890s] Level 1:colcon.colcon_core.package_identification:_identify(src) by extensions ['cmake', 'python']
[0.890s] Level 1:colcon.colcon_core.package_identification:_identify(src) by extension 'cmake'
[0.890s] Level 1:colcon.colcon_core.package_identification:_identify(src) by extension 'python'
[0.890s] Level 1:colcon.colcon_core.package_identification:_identify(src) by extensions ['python_setup_py']
[0.890s] Level 1:colcon.colcon_core.package_identification:_identify(src) by extension 'python_setup_py'
[0.890s] Level 1:colcon.colcon_core.package_identification:_identify(src/robot_voice) by extensions ['ignore', 'ignore_ament_install']
[0.890s] Level 1:colcon.colcon_core.package_identification:_identify(src/robot_voice) by extension 'ignore'
[0.891s] Level 1:colcon.colcon_core.package_identification:_identify(src/robot_voice) by extension 'ignore_ament_install'
[0.891s] Level 1:colcon.colcon_core.package_identification:_identify(src/robot_voice) by extensions ['colcon_pkg']
[0.891s] Level 1:colcon.colcon_core.package_identification:_identify(src/robot_voice) by extension 'colcon_pkg'
[0.891s] Level 1:colcon.colcon_core.package_identification:_identify(src/robot_voice) by extensions ['colcon_meta']
[0.891s] Level 1:colcon.colcon_core.package_identification:_identify(src/robot_voice) by extension 'colcon_meta'
[0.891s] Level 1:colcon.colcon_core.package_identification:_identify(src/robot_voice) by extensions ['ros']
[0.891s] Level 1:colcon.colcon_core.package_identification:_identify(src/robot_voice) by extension 'ros'
[0.892s] DEBUG:colcon.colcon_core.package_identification:Package 'src/robot_voice' with type 'ros.ament_cmake' and name 'robot_voice'
[0.892s] Level 1:colcon.colcon_core.package_discovery:discover_packages(recursive) using defaults
[0.892s] Level 1:colcon.colcon_core.package_discovery:discover_packages(ignore) discover
[0.892s] Level 1:colcon.colcon_core.package_discovery:discover_packages(ignore) using defaults
[0.892s] Level 1:colcon.colcon_core.package_discovery:discover_packages(path) discover
[0.892s] Level 1:colcon.colcon_core.package_discovery:discover_packages(path) using defaults
[0.970s] Level 1:colcon.colcon_core.package_discovery:discover_packages(prefix_path) check parameters
[0.970s] Level 1:colcon.colcon_core.package_discovery:discover_packages(prefix_path) discover
[0.997s] DEBUG:colcon.colcon_installed_package_information.package_discovery:Found 1 installed packages in /home/llt/robot_voice_ws/install
[1.011s] DEBUG:colcon.colcon_installed_package_information.package_discovery:Found 256 installed packages in /opt/ros/foxy
[1.011s] Level 1:colcon.colcon_core.package_discovery:discover_packages(prefix_path) using defaults
[1.078s] Level 5:colcon.colcon_core.verb:set package 'robot_voice' build argument 'cmake_args' from command line to 'None'
[1.078s] Level 5:colcon.colcon_core.verb:set package 'robot_voice' build argument 'cmake_target' from command line to 'None'
[1.078s] Level 5:colcon.colcon_core.verb:set package 'robot_voice' build argument 'cmake_target_skip_unavailable' from command line to 'False'
[1.078s] Level 5:colcon.colcon_core.verb:set package 'robot_voice' build argument 'cmake_clean_cache' from command line to 'False'
[1.078s] Level 5:colcon.colcon_core.verb:set package 'robot_voice' build argument 'cmake_clean_first' from command line to 'False'
[1.078s] Level 5:colcon.colcon_core.verb:set package 'robot_voice' build argument 'cmake_force_configure' from command line to 'False'
[1.078s] Level 5:colcon.colcon_core.verb:set package 'robot_voice' build argument 'ament_cmake_args' from command line to 'None'
[1.078s] Level 5:colcon.colcon_core.verb:set package 'robot_voice' build argument 'catkin_cmake_args' from command line to 'None'
[1.078s] Level 5:colcon.colcon_core.verb:set package 'robot_voice' build argument 'catkin_skip_building_tests' from command line to 'False'
[1.078s] DEBUG:colcon.colcon_core.verb:Building package 'robot_voice' with the following arguments: {'ament_cmake_args': None, 'build_base': '/home/llt/robot_voice_ws/build/robot_voice', 'catkin_cmake_args': None, 'catkin_skip_building_tests': False, 'cmake_args': None, 'cmake_clean_cache': False, 'cmake_clean_first': False, 'cmake_force_configure': False, 'cmake_target': None, 'cmake_target_skip_unavailable': False, 'install_base': '/home/llt/robot_voice_ws/install/robot_voice', 'merge_install': False, 'path': '/home/llt/robot_voice_ws/src/robot_voice', 'symlink_install': False, 'test_result_base': None}
[1.092s] INFO:colcon.colcon_core.executor:Executing jobs using 'parallel' executor
[1.106s] DEBUG:colcon.colcon_parallel_executor.executor.parallel:run_until_complete
[1.106s] INFO:colcon.colcon_ros.task.ament_cmake.build:Building ROS package in '/home/llt/robot_voice_ws/src/robot_voice' with build type 'ament_cmake'
[1.106s] INFO:colcon.colcon_cmake.task.cmake.build:Building CMake package in '/home/llt/robot_voice_ws/src/robot_voice'
[1.120s] INFO:colcon.colcon_core.plugin_system:Skipping extension 'colcon_core.shell.bat': Not used on non-Windows systems
[1.120s] INFO:colcon.colcon_core.shell:Skip shell extension 'powershell' for command environment: Not usable outside of PowerShell
[1.120s] DEBUG:colcon.colcon_core.shell:Skip shell extension 'dsv' for command environment
[1.171s] DEBUG:colcon.colcon_core.event_handler.log_command:Invoking command in '/home/llt/robot_voice_ws/build/robot_voice': CMAKE_PREFIX_PATH=${CMAKE_PREFIX_PATH}:/opt/ros/foxy /usr/bin/cmake --build /home/llt/robot_voice_ws/build/robot_voice -- -j16 -l16
[1.441s] DEBUG:colcon.colcon_core.event_handler.log_command:Invoked command in '/home/llt/robot_voice_ws/build/robot_voice' returned '0': CMAKE_PREFIX_PATH=${CMAKE_PREFIX_PATH}:/opt/ros/foxy /usr/bin/cmake --build /home/llt/robot_voice_ws/build/robot_voice -- -j16 -l16
[1.471s] DEBUG:colcon.colcon_core.event_handler.log_command:Invoking command in '/home/llt/robot_voice_ws/build/robot_voice': CMAKE_PREFIX_PATH=${CMAKE_PREFIX_PATH}:/opt/ros/foxy /usr/bin/cmake --install /home/llt/robot_voice_ws/build/robot_voice
[1.477s] Level 1:colcon.colcon_core.environment:create_environment_scripts_only(robot_voice)
[1.477s] DEBUG:colcon.colcon_core.event_handler.log_command:Invoked command in '/home/llt/robot_voice_ws/build/robot_voice' returned '0': CMAKE_PREFIX_PATH=${CMAKE_PREFIX_PATH}:/opt/ros/foxy /usr/bin/cmake --install /home/llt/robot_voice_ws/build/robot_voice
[1.491s] Level 1:colcon.colcon_core.environment:checking '/home/llt/robot_voice_ws/install/robot_voice' for CMake module files
[1.491s] Level 1:colcon.colcon_core.environment:checking '/home/llt/robot_voice_ws/install/robot_voice' for CMake config files
[1.491s] Level 1:colcon.colcon_core.shell:create_environment_hook('robot_voice', 'cmake_prefix_path')
[1.504s] INFO:colcon.colcon_core.shell:Creating environment hook '/home/llt/robot_voice_ws/install/robot_voice/share/robot_voice/hook/cmake_prefix_path.ps1'
[1.504s] INFO:colcon.colcon_core.shell:Creating environment descriptor '/home/llt/robot_voice_ws/install/robot_voice/share/robot_voice/hook/cmake_prefix_path.dsv'
[1.505s] INFO:colcon.colcon_core.shell:Creating environment hook '/home/llt/robot_voice_ws/install/robot_voice/share/robot_voice/hook/cmake_prefix_path.sh'
[1.505s] Level 1:colcon.colcon_core.environment:checking '/home/llt/robot_voice_ws/install/robot_voice/lib'
[1.505s] Level 1:colcon.colcon_core.environment:checking '/home/llt/robot_voice_ws/install/robot_voice/bin'
[1.505s] Level 1:colcon.colcon_core.environment:checking '/home/llt/robot_voice_ws/install/robot_voice/lib/pkgconfig/robot_voice.pc'
[1.505s] Level 1:colcon.colcon_core.environment:checking '/home/llt/robot_voice_ws/install/robot_voice/lib/python3.8/site-packages'
[1.505s] Level 1:colcon.colcon_core.environment:checking '/home/llt/robot_voice_ws/install/robot_voice/bin'
[1.518s] INFO:colcon.colcon_core.shell:Creating package script '/home/llt/robot_voice_ws/install/robot_voice/share/robot_voice/package.ps1'
[1.519s] INFO:colcon.colcon_core.shell:Creating package descriptor '/home/llt/robot_voice_ws/install/robot_voice/share/robot_voice/package.dsv'
[1.519s] INFO:colcon.colcon_core.shell:Creating package script '/home/llt/robot_voice_ws/install/robot_voice/share/robot_voice/package.sh'
[1.519s] INFO:colcon.colcon_core.shell:Creating package script '/home/llt/robot_voice_ws/install/robot_voice/share/robot_voice/package.bash'
[1.520s] INFO:colcon.colcon_core.shell:Creating package script '/home/llt/robot_voice_ws/install/robot_voice/share/robot_voice/package.zsh'
[1.520s] Level 1:colcon.colcon_core.environment:create_file_with_runtime_dependencies(/home/llt/robot_voice_ws/install/robot_voice/share/colcon-core/packages/robot_voice)
[1.556s] Level 1:colcon.colcon_core.environment:create_environment_scripts_only(robot_voice)
[1.569s] Level 1:colcon.colcon_core.environment:checking '/home/llt/robot_voice_ws/install/robot_voice' for CMake module files
[1.570s] Level 1:colcon.colcon_core.environment:checking '/home/llt/robot_voice_ws/install/robot_voice' for CMake config files
[1.570s] Level 1:colcon.colcon_core.shell:create_environment_hook('robot_voice', 'cmake_prefix_path')
[1.583s] INFO:colcon.colcon_core.shell:Creating environment hook '/home/llt/robot_voice_ws/install/robot_voice/share/robot_voice/hook/cmake_prefix_path.ps1'
[1.583s] INFO:colcon.colcon_core.shell:Creating environment descriptor '/home/llt/robot_voice_ws/install/robot_voice/share/robot_voice/hook/cmake_prefix_path.dsv'
[1.583s] INFO:colcon.colcon_core.shell:Creating environment hook '/home/llt/robot_voice_ws/install/robot_voice/share/robot_voice/hook/cmake_prefix_path.sh'
[1.584s] Level 1:colcon.colcon_core.environment:checking '/home/llt/robot_voice_ws/install/robot_voice/lib'
[1.584s] Level 1:colcon.colcon_core.environment:checking '/home/llt/robot_voice_ws/install/robot_voice/bin'
[1.584s] Level 1:colcon.colcon_core.environment:checking '/home/llt/robot_voice_ws/install/robot_voice/lib/pkgconfig/robot_voice.pc'
[1.584s] Level 1:colcon.colcon_core.environment:checking '/home/llt/robot_voice_ws/install/robot_voice/lib/python3.8/site-packages'
[1.584s] Level 1:colcon.colcon_core.environment:checking '/home/llt/robot_voice_ws/install/robot_voice/bin'
[1.597s] INFO:colcon.colcon_core.shell:Creating package script '/home/llt/robot_voice_ws/install/robot_voice/share/robot_voice/package.ps1'
[1.597s] INFO:colcon.colcon_core.shell:Creating package descriptor '/home/llt/robot_voice_ws/install/robot_voice/share/robot_voice/package.dsv'
[1.597s] INFO:colcon.colcon_core.shell:Creating package script '/home/llt/robot_voice_ws/install/robot_voice/share/robot_voice/package.sh'
[1.598s] INFO:colcon.colcon_core.shell:Creating package script '/home/llt/robot_voice_ws/install/robot_voice/share/robot_voice/package.bash'
[1.598s] INFO:colcon.colcon_core.shell:Creating package script '/home/llt/robot_voice_ws/install/robot_voice/share/robot_voice/package.zsh'
[1.598s] Level 1:colcon.colcon_core.environment:create_file_with_runtime_dependencies(/home/llt/robot_voice_ws/install/robot_voice/share/colcon-core/packages/robot_voice)
[1.598s] DEBUG:colcon.colcon_parallel_executor.executor.parallel:closing loop
[1.599s] DEBUG:colcon.colcon_parallel_executor.executor.parallel:loop closed
[1.599s] DEBUG:colcon.colcon_parallel_executor.executor.parallel:run_until_complete finished with '0'
[1.599s] DEBUG:colcon.colcon_core.event_reactor:joining thread
[1.619s] INFO:colcon.colcon_core.plugin_system:Skipping extension 'colcon_notification.desktop_notification.terminal_notifier': Not used on non-Darwin systems
[1.619s] INFO:colcon.colcon_core.plugin_system:Skipping extension 'colcon_notification.desktop_notification.win32': Not used on non-Windows systems
[1.619s] INFO:colcon.colcon_notification.desktop_notification:Sending desktop notification using 'notify2'
[1.637s] DEBUG:colcon.colcon_core.event_reactor:joined thread
[1.655s] INFO:colcon.colcon_core.shell:Creating prefix script '/home/llt/robot_voice_ws/install/local_setup.ps1'
[1.655s] INFO:colcon.colcon_core.shell:Creating prefix util module '/home/llt/robot_voice_ws/install/_local_setup_util_ps1.py'
[1.656s] INFO:colcon.colcon_core.shell:Creating prefix chain script '/home/llt/robot_voice_ws/install/setup.ps1'
[1.669s] INFO:colcon.colcon_core.shell:Creating prefix script '/home/llt/robot_voice_ws/install/local_setup.sh'
[1.669s] INFO:colcon.colcon_core.shell:Creating prefix util module '/home/llt/robot_voice_ws/install/_local_setup_util_sh.py'
[1.670s] INFO:colcon.colcon_core.shell:Creating prefix chain script '/home/llt/robot_voice_ws/install/setup.sh'
[1.683s] INFO:colcon.colcon_core.shell:Creating prefix script '/home/llt/robot_voice_ws/install/local_setup.bash'
[1.683s] INFO:colcon.colcon_core.shell:Creating prefix chain script '/home/llt/robot_voice_ws/install/setup.bash'
[1.697s] INFO:colcon.colcon_core.shell:Creating prefix script '/home/llt/robot_voice_ws/install/local_setup.zsh'
[1.697s] INFO:colcon.colcon_core.shell:Creating prefix chain script '/home/llt/robot_voice_ws/install/setup.zsh'
